<?xml version="1.0" encoding="UTF-8"?>
<testng-results skipped="0" failed="0" ignored="0" total="1" passed="1">
  <reporter-output>
  </reporter-output>
  <suite name="Default suite" duration-ms="1313" started-at="2021-01-07T14:31:28Z" finished-at="2021-01-07T14:31:29Z">
    <groups>
    </groups>
    <test name="Default test" duration-ms="1313" started-at="2021-01-07T14:31:28Z" finished-at="2021-01-07T14:31:29Z">
      <class name="com.qa.tests.GetApiTest">
        <test-method status="PASS" signature="setup()[pri:0, instance:com.qa.tests.GetApiTest@28d25987]" name="setup" is-config="true" duration-ms="20" started-at="2021-01-07T22:31:28Z" finished-at="2021-01-07T22:31:28Z">
          <reporter-output>
          </reporter-output>
        </test-method> <!-- setup -->
        <test-method status="PASS" signature="getAPITestWithOutHeaders()[pri:0, instance:com.qa.tests.GetApiTest@28d25987]" name="getAPITestWithOutHeaders" duration-ms="1268" started-at="2021-01-07T22:31:28Z" finished-at="2021-01-07T22:31:29Z">
          <reporter-output>
          </reporter-output>
        </test-method> <!-- getAPITestWithOutHeaders -->
      </class> <!-- com.qa.tests.GetApiTest -->
    </test> <!-- Default test -->
  </suite> <!-- Default suite -->
</testng-results>
